<?xml version="1.0" encoding="UTF-8"?>
<!-- Generated by org.testng.reporters.JUnitReportReporter -->
<testsuite skipped="0" hostname="gonens-MacBook-2.local" name="com.ispeakbetter.tests.HomePageTest" tests="3" failures="0" timestamp="2020-08-13T02:06:54 EDT" time="11.601" errors="0">
  <testcase name="verifyChatHeaderTest" time="10.099" classname="com.ispeakbetter.tests.HomePageTest"/>
  <system-out/>
  <testcase name="verifyHomePageTitleHeader" time="0.130" classname="com.ispeakbetter.tests.HomePageTest"/>
  <system-out/>
  <testcase name="verifyInvalidUserTest" time="1.372" classname="com.ispeakbetter.tests.HomePageTest"/>
  <system-out/>
</testsuite> <!-- com.ispeakbetter.tests.HomePageTest -->
